0 info it worked if it ends with ok
1 verbose cli [ 'node', '/usr/local/bin/npm', 'install' ]
2 info using npm@1.1.46
3 info using node@v0.8.0
4 verbose config file /Users/alexninneman/.npmrc
5 verbose config file /usr/local/etc/npmrc
6 verbose config file /usr/local/lib/node_modules/npm/npmrc
7 verbose read json /Users/alexninneman/Projects/node/wf_yeoman/package.json
8 error install Couldn't read dependencies
9 error Error: No 'name' field
9 error     at validName (/usr/local/lib/node_modules/npm/node_modules/read-package-json/read-json.js:497:40)
9 error     at final (/usr/local/lib/node_modules/npm/node_modules/read-package-json/read-json.js:287:27)
9 error     at /usr/local/lib/node_modules/npm/node_modules/read-package-json/read-json.js:119:33
9 error     at cb (/usr/local/lib/node_modules/npm/node_modules/slide/lib/async-map.js:48:11)
9 error     at /usr/local/lib/node_modules/npm/node_modules/read-package-json/read-json.js:233:59
9 error     at Glob.<anonymous> (/usr/local/lib/node_modules/npm/node_modules/glob/glob.js:91:7)
9 error     at Glob.EventEmitter.emit (events.js:88:17)
9 error     at Glob._processEmitQueue (/usr/local/lib/node_modules/npm/node_modules/glob/glob.js:270:10)
9 error     at Glob.emitMatch (/usr/local/lib/node_modules/npm/node_modules/glob/glob.js:255:8)
9 error     at Glob._finish (/usr/local/lib/node_modules/npm/node_modules/glob/glob.js:217:8)
10 error If you need help, you may report this log at:
10 error     <http://github.com/isaacs/npm/issues>
10 error or email it to:
10 error     <npm-@googlegroups.com>
11 error System Darwin 12.1.0
12 error command "node" "/usr/local/bin/npm" "install"
13 error cwd /Users/alexninneman/Projects/node/wf_yeoman
14 error node -v v0.8.0
15 error npm -v 1.1.46
16 verbose exit [ 1, true ]
